0 info it worked if it ends with ok
1 verbose cli [ 'C:\\Program Files (x86)\\nodejs\\\\node.exe',
1 verbose cli   'C:\\Program Files (x86)\\nodejs\\node_modules\\npm\\bin\\npm-cli.js',
1 verbose cli   'install',
1 verbose cli   'node-restful' ]
2 info using npm@2.5.1
3 info using node@v0.12.0
4 verbose node symlink C:\Program Files (x86)\nodejs\\node.exe
5 warn package.json restful@0.4.5 No repository field.
6 silly cache add args [ 'node-restful', null ]
7 verbose cache add spec node-restful
8 silly cache add parsed spec { raw: 'node-restful',
8 silly cache add   scope: null,
8 silly cache add   name: 'node-restful',
8 silly cache add   rawSpec: '',
8 silly cache add   spec: '*',
8 silly cache add   type: 'range' }
9 verbose addNamed node-restful@*
10 silly addNamed semver.valid null
11 silly addNamed semver.validRange *
12 silly addNameRange { name: 'node-restful', range: '*', hasData: false }
13 silly mapToRegistry name node-restful
14 silly mapToRegistry using default registry
15 silly mapToRegistry registry https://registry.npmjs.org/
16 silly mapToRegistry uri https://registry.npmjs.org/node-restful
17 verbose addNameRange registry:https://registry.npmjs.org/node-restful not in flight; fetching
18 verbose request uri https://registry.npmjs.org/node-restful
19 verbose request no auth needed
20 info attempt registry request try #1 at 08:11:52
21 verbose request id 5ec9540c944d6557
22 verbose etag "9YUT7L1WRA6QZMIUJEVWHQYD"
23 http request GET https://registry.npmjs.org/node-restful
24 http 304 https://registry.npmjs.org/node-restful
25 silly get cb [ 304,
25 silly get   { date: 'Tue, 12 May 2015 06:11:51 GMT',
25 silly get     via: '1.1 varnish',
25 silly get     'cache-control': 'max-age=60',
25 silly get     etag: '"9YUT7L1WRA6QZMIUJEVWHQYD"',
25 silly get     age: '0',
25 silly get     connection: 'keep-alive',
25 silly get     'x-served-by': 'cache-fra1229-FRA',
25 silly get     'x-cache': 'MISS',
25 silly get     'x-cache-hits': '0',
25 silly get     'x-timer': 'S1431411111.946112,VS0,VE901',
25 silly get     vary: 'Accept' } ]
26 verbose etag https://registry.npmjs.org/node-restful from cache
27 verbose get saving node-restful to C:\Users\AlexandreLaptop\AppData\Roaming\npm-cache\registry.npmjs.org\node-restful\.cache.json
28 silly addNameRange number 2 { name: 'node-restful', range: '*', hasData: true }
29 silly addNameRange versions [ 'node-restful',
29 silly addNameRange   [ '0.1.0',
29 silly addNameRange     '0.1.2',
29 silly addNameRange     '0.1.3',
29 silly addNameRange     '0.1.4',
29 silly addNameRange     '0.1.5',
29 silly addNameRange     '0.1.7',
29 silly addNameRange     '0.1.8',
29 silly addNameRange     '0.1.9',
29 silly addNameRange     '0.1.10',
29 silly addNameRange     '0.1.11',
29 silly addNameRange     '0.1.12',
29 silly addNameRange     '0.1.13',
29 silly addNameRange     '0.1.14',
29 silly addNameRange     '0.1.15',
29 silly addNameRange     '0.1.16',
29 silly addNameRange     '0.1.17',
29 silly addNameRange     '0.1.18' ] ]
30 verbose addNamed node-restful@0.1.18
31 silly addNamed semver.valid 0.1.18
32 silly addNamed semver.validRange 0.1.18
33 silly cache afterAdd node-restful@0.1.18
34 verbose afterAdd C:\Users\AlexandreLaptop\AppData\Roaming\npm-cache\node-restful\0.1.18\package\package.json not in flight; writing
35 verbose afterAdd C:\Users\AlexandreLaptop\AppData\Roaming\npm-cache\node-restful\0.1.18\package\package.json written
36 silly install resolved [ { name: 'node-restful',
36 silly install resolved     description: 'A library for making REST API\'s in node.js with express',
36 silly install resolved     version: '0.1.18',
36 silly install resolved     peerDependencies: { mongoose: '~3' },
36 silly install resolved     devDependencies:
36 silly install resolved      { express: '3.1.0',
36 silly install resolved        mongodb: '1.2.14',
36 silly install resolved        jade: '0.28.1',
36 silly install resolved        mocha: '1.8.1',
36 silly install resolved        mongoose: '~3',
36 silly install resolved        should: '1.2.1',
36 silly install resolved        supertest: '0.5.1',
36 silly install resolved        sinon: '1.5.2',
36 silly install resolved        'pow-mongoose-fixtures': '0.3.0' },
36 silly install resolved     keywords: [ 'node-restful', 'restful', 'framework', 'rest', 'api' ],
36 silly install resolved     scripts: { test: 'make test' },
36 silly install resolved     repository: { type: 'git', url: 'git://github.com/baugarten/node-restful' },
36 silly install resolved     main: 'index.js',
36 silly install resolved     dependencies: { underscore: '1.6.0' },
36 silly install resolved     gitHead: 'a3d46a0a2fe1076b9ce62ffb402f1986d0da1196',
36 silly install resolved     bugs: { url: 'https://github.com/baugarten/node-restful/issues' },
36 silly install resolved     homepage: 'https://github.com/baugarten/node-restful',
36 silly install resolved     _id: 'node-restful@0.1.18',
36 silly install resolved     _shasum: 'cbf61a2595646ddc000622f6caa9ddff50452540',
36 silly install resolved     _from: 'node-restful@*',
36 silly install resolved     _npmVersion: '2.1.18',
36 silly install resolved     _nodeVersion: '0.10.28',
36 silly install resolved     _npmUser: { name: 'baugarten', email: 'baugarten@gmail.com' },
36 silly install resolved     maintainers: [ [Object] ],
36 silly install resolved     dist:
36 silly install resolved      { shasum: 'cbf61a2595646ddc000622f6caa9ddff50452540',
36 silly install resolved        tarball: 'http://registry.npmjs.org/node-restful/-/node-restful-0.1.18.tgz' },
36 silly install resolved     directories: {},
36 silly install resolved     _resolved: 'https://registry.npmjs.org/node-restful/-/node-restful-0.1.18.tgz',
36 silly install resolved     readme: 'ERROR: No README data found!' } ]
37 info install node-restful@0.1.18 into C:\xampp\htdocs\localscouter
38 info installOne node-restful@0.1.18
39 verbose installOne of node-restful to C:\xampp\htdocs\localscouter not in flight; installing
40 verbose lock using C:\Users\AlexandreLaptop\AppData\Roaming\npm-cache\_locks\node-restful-3bea1fb7d1ac7d98.lock for C:\xampp\htdocs\localscouter\node_modules\node-restful
41 silly install write writing node-restful 0.1.18 to C:\xampp\htdocs\localscouter\node_modules\node-restful
42 silly cache addNamed cb node-restful@0.1.18
43 verbose unbuild node_modules\node-restful
44 verbose gentlyRm vacuuming C:\xampp\htdocs\localscouter\node_modules\node-restful
45 verbose tar unpack C:\Users\AlexandreLaptop\AppData\Roaming\npm-cache\node-restful\0.1.18\package.tgz
46 verbose tar unpacking to C:\xampp\htdocs\localscouter\node_modules\node-restful
47 verbose gentlyRm vacuuming C:\xampp\htdocs\localscouter\node_modules\node-restful
48 silly gunzTarPerm modes [ '777', '666' ]
49 silly gunzTarPerm extractEntry package.json
50 silly gunzTarPerm modified mode [ 'package.json', 420, 438 ]
51 silly gunzTarPerm extractEntry .npmignore
52 silly gunzTarPerm modified mode [ '.npmignore', 420, 438 ]
53 silly gunzTarPerm extractEntry README.md
54 silly gunzTarPerm modified mode [ 'README.md', 420, 438 ]
55 silly gunzTarPerm extractEntry index.js
56 silly gunzTarPerm modified mode [ 'index.js', 420, 438 ]
57 silly gunzTarPerm extractEntry examples/notes.js
58 silly gunzTarPerm modified mode [ 'examples/notes.js', 420, 438 ]
59 silly gunzTarPerm extractEntry examples/movies/index.js
60 silly gunzTarPerm modified mode [ 'examples/movies/index.js', 420, 438 ]
61 silly gunzTarPerm extractEntry examples/notes/index.js
62 silly gunzTarPerm modified mode [ 'examples/notes/index.js', 420, 438 ]
63 silly gunzTarPerm extractEntry examples/notes/models/index.js
64 silly gunzTarPerm modified mode [ 'examples/notes/models/index.js', 420, 438 ]
65 silly gunzTarPerm extractEntry examples/notes/models/note.js
66 silly gunzTarPerm modified mode [ 'examples/notes/models/note.js', 420, 438 ]
67 silly gunzTarPerm extractEntry examples/notes/models/user.js
68 silly gunzTarPerm modified mode [ 'examples/notes/models/user.js', 420, 438 ]
69 silly gunzTarPerm extractEntry examples/notes/routes/user.js
70 silly gunzTarPerm modified mode [ 'examples/notes/routes/user.js', 420, 438 ]
71 silly gunzTarPerm extractEntry .idea/.name
72 silly gunzTarPerm modified mode [ '.idea/.name', 420, 438 ]
73 silly gunzTarPerm extractEntry .idea/compiler.xml
74 silly gunzTarPerm modified mode [ '.idea/compiler.xml', 420, 438 ]
75 silly gunzTarPerm extractEntry .idea/encodings.xml
76 silly gunzTarPerm modified mode [ '.idea/encodings.xml', 420, 438 ]
77 silly gunzTarPerm extractEntry .idea/misc.xml
78 silly gunzTarPerm modified mode [ '.idea/misc.xml', 420, 438 ]
79 silly gunzTarPerm extractEntry .idea/modules.xml
80 silly gunzTarPerm modified mode [ '.idea/modules.xml', 420, 438 ]
81 silly gunzTarPerm extractEntry .idea/node-restful.iml
82 silly gunzTarPerm modified mode [ '.idea/node-restful.iml', 420, 438 ]
83 silly gunzTarPerm extractEntry .idea/scopes/scope_settings.xml
84 silly gunzTarPerm modified mode [ '.idea/scopes/scope_settings.xml', 420, 438 ]
85 silly gunzTarPerm extractEntry .idea/thriftCompiler.xml
86 silly gunzTarPerm modified mode [ '.idea/thriftCompiler.xml', 420, 438 ]
87 silly gunzTarPerm extractEntry .idea/vcs.xml
88 silly gunzTarPerm modified mode [ '.idea/vcs.xml', 420, 438 ]
89 silly gunzTarPerm extractEntry .idea/workspace.xml
90 silly gunzTarPerm modified mode [ '.idea/workspace.xml', 420, 438 ]
91 silly gunzTarPerm extractEntry .travis.yml
92 silly gunzTarPerm modified mode [ '.travis.yml', 420, 438 ]
93 silly gunzTarPerm extractEntry lib/app.js
94 silly gunzTarPerm modified mode [ 'lib/app.js', 420, 438 ]
95 silly gunzTarPerm extractEntry lib/filters.js
96 silly gunzTarPerm modified mode [ 'lib/filters.js', 420, 438 ]
97 silly gunzTarPerm extractEntry lib/handlers.js
98 silly gunzTarPerm modified mode [ 'lib/handlers.js', 420, 438 ]
99 silly gunzTarPerm extractEntry lib/model.js
100 silly gunzTarPerm modified mode [ 'lib/model.js', 420, 438 ]
101 silly gunzTarPerm extractEntry lib/resource.js
102 silly gunzTarPerm modified mode [ 'lib/resource.js', 420, 438 ]
103 silly gunzTarPerm extractEntry lib/restful.js
104 silly gunzTarPerm modified mode [ 'lib/restful.js', 420, 438 ]
105 silly gunzTarPerm extractEntry lib/route.js
106 silly gunzTarPerm modified mode [ 'lib/route.js', 420, 438 ]
107 silly gunzTarPerm extractEntry lib/utils.js
108 silly gunzTarPerm modified mode [ 'lib/utils.js', 420, 438 ]
109 silly gunzTarPerm extractEntry Makefile
110 silly gunzTarPerm modified mode [ 'Makefile', 420, 438 ]
111 silly gunzTarPerm extractEntry test/model.chainable.js
112 silly gunzTarPerm modified mode [ 'test/model.chainable.js', 420, 438 ]
113 silly gunzTarPerm extractEntry test/model.excludes.js
114 silly gunzTarPerm modified mode [ 'test/model.excludes.js', 420, 438 ]
115 silly gunzTarPerm extractEntry test/model.filters.js
116 silly gunzTarPerm modified mode [ 'test/model.filters.js', 420, 438 ]
117 silly gunzTarPerm extractEntry test/model.handle.js
118 silly gunzTarPerm modified mode [ 'test/model.handle.js', 420, 438 ]
119 silly gunzTarPerm extractEntry test/model.hooks.js
120 silly gunzTarPerm modified mode [ 'test/model.hooks.js', 420, 438 ]
121 silly gunzTarPerm extractEntry test/model.js
122 silly gunzTarPerm modified mode [ 'test/model.js', 420, 438 ]
123 silly gunzTarPerm extractEntry test/model.template.js
124 silly gunzTarPerm modified mode [ 'test/model.template.js', 420, 438 ]
125 silly gunzTarPerm extractEntry test/fixtures/config.js
126 silly gunzTarPerm modified mode [ 'test/fixtures/config.js', 420, 438 ]
127 silly gunzTarPerm extractEntry test/fixtures/data.js
128 silly gunzTarPerm modified mode [ 'test/fixtures/data.js', 420, 438 ]
129 silly gunzTarPerm extractEntry test/fixtures/movies/index.jade
130 silly gunzTarPerm modified mode [ 'test/fixtures/movies/index.jade', 420, 438 ]
131 silly gunzTarPerm extractEntry test/fixtures/movies/show.jade
132 silly gunzTarPerm modified mode [ 'test/fixtures/movies/show.jade', 420, 438 ]
133 info preinstall node-restful@0.1.18
134 silly prepareForInstallMany adding underscore@1.6.0 from node-restful dependencies
135 silly prepareForInstallMany adding mongoose@~3 from node-restful peerDependencies
136 silly cache add args [ 'underscore@1.6.0', null ]
137 verbose cache add spec underscore@1.6.0
138 silly cache add parsed spec { raw: 'underscore@1.6.0',
138 silly cache add   scope: null,
138 silly cache add   name: 'underscore',
138 silly cache add   rawSpec: '1.6.0',
138 silly cache add   spec: '1.6.0',
138 silly cache add   type: 'version' }
139 verbose addNamed underscore@1.6.0
140 silly addNamed semver.valid 1.6.0
141 silly addNamed semver.validRange 1.6.0
142 silly mapToRegistry name underscore
143 silly mapToRegistry using default registry
144 silly mapToRegistry registry https://registry.npmjs.org/
145 silly mapToRegistry uri https://registry.npmjs.org/underscore
146 verbose addNameVersion registry:https://registry.npmjs.org/underscore not in flight; fetching
147 verbose request uri https://registry.npmjs.org/underscore
148 verbose request no auth needed
149 info attempt registry request try #1 at 08:11:54
150 verbose etag "8SXMDGGWIHHGAS6XTKZQDB565"
151 http request GET https://registry.npmjs.org/underscore
152 http 304 https://registry.npmjs.org/underscore
153 silly get cb [ 304,
153 silly get   { date: 'Tue, 12 May 2015 06:11:54 GMT',
153 silly get     via: '1.1 varnish',
153 silly get     'cache-control': 'max-age=60',
153 silly get     etag: '"8SXMDGGWIHHGAS6XTKZQDB565"',
153 silly get     age: '32',
153 silly get     connection: 'keep-alive',
153 silly get     'x-served-by': 'cache-fra1224-FRA',
153 silly get     'x-cache': 'HIT',
153 silly get     'x-cache-hits': '2',
153 silly get     'x-timer': 'S1431411114.010944,VS0,VE0',
153 silly get     vary: 'Accept' } ]
154 verbose etag https://registry.npmjs.org/underscore from cache
155 verbose get saving underscore to C:\Users\AlexandreLaptop\AppData\Roaming\npm-cache\registry.npmjs.org\underscore\.cache.json
156 silly cache afterAdd underscore@1.6.0
157 verbose afterAdd C:\Users\AlexandreLaptop\AppData\Roaming\npm-cache\underscore\1.6.0\package\package.json not in flight; writing
158 verbose afterAdd C:\Users\AlexandreLaptop\AppData\Roaming\npm-cache\underscore\1.6.0\package\package.json written
159 silly install resolved [ { name: 'underscore',
159 silly install resolved     description: 'JavaScript\'s functional programming helper library.',
159 silly install resolved     homepage: 'http://underscorejs.org',
159 silly install resolved     keywords: [ 'util', 'functional', 'server', 'client', 'browser' ],
159 silly install resolved     author: { name: 'Jeremy Ashkenas', email: 'jeremy@documentcloud.org' },
159 silly install resolved     repository:
159 silly install resolved      { type: 'git',
159 silly install resolved        url: 'git://github.com/jashkenas/underscore.git' },
159 silly install resolved     main: 'underscore.js',
159 silly install resolved     version: '1.6.0',
159 silly install resolved     devDependencies: { docco: '0.6.x', phantomjs: '1.9.0-1', 'uglify-js': '2.4.x' },
159 silly install resolved     scripts:
159 silly install resolved      { test: 'phantomjs test/vendor/runner.js test/index.html?noglobals=true',
159 silly install resolved        build: 'uglifyjs underscore.js -c "evaluate=false" --comments "/    .*/" -m --source-map underscore-min.map -o underscore-min.js',
159 silly install resolved        doc: 'docco underscore.js' },
159 silly install resolved     licenses: [ [Object] ],
159 silly install resolved     files: [ 'underscore.js', 'underscore-min.js', 'LICENSE' ],
159 silly install resolved     bugs: { url: 'https://github.com/jashkenas/underscore/issues' },
159 silly install resolved     _id: 'underscore@1.6.0',
159 silly install resolved     dist:
159 silly install resolved      { shasum: '8b38b10cacdef63337b8b24e4ff86d45aea529a8',
159 silly install resolved        tarball: 'http://registry.npmjs.org/underscore/-/underscore-1.6.0.tgz' },
159 silly install resolved     _from: 'underscore@1.6.0',
159 silly install resolved     _npmVersion: '1.3.21',
159 silly install resolved     _npmUser: { name: 'jashkenas', email: 'jashkenas@gmail.com' },
159 silly install resolved     maintainers: [ [Object] ],
159 silly install resolved     directories: {},
159 silly install resolved     _shasum: '8b38b10cacdef63337b8b24e4ff86d45aea529a8',
159 silly install resolved     _resolved: 'https://registry.npmjs.org/underscore/-/underscore-1.6.0.tgz',
159 silly install resolved     readme: 'ERROR: No README data found!' } ]
160 info install underscore@1.6.0 into C:\xampp\htdocs\localscouter\node_modules\node-restful
161 info installOne underscore@1.6.0
162 verbose installOne of underscore to C:\xampp\htdocs\localscouter\node_modules\node-restful not in flight; installing
163 verbose lock using C:\Users\AlexandreLaptop\AppData\Roaming\npm-cache\_locks\underscore-bf17907e2c660456.lock for C:\xampp\htdocs\localscouter\node_modules\node-restful\node_modules\underscore
164 silly install write writing underscore 1.6.0 to C:\xampp\htdocs\localscouter\node_modules\node-restful\node_modules\underscore
165 silly cache addNamed cb underscore@1.6.0
166 verbose unbuild node_modules\node-restful\node_modules\underscore
167 verbose gentlyRm vacuuming C:\xampp\htdocs\localscouter\node_modules\node-restful\node_modules\underscore
168 verbose tar unpack C:\Users\AlexandreLaptop\AppData\Roaming\npm-cache\underscore\1.6.0\package.tgz
169 verbose tar unpacking to C:\xampp\htdocs\localscouter\node_modules\node-restful\node_modules\underscore
170 verbose gentlyRm vacuuming C:\xampp\htdocs\localscouter\node_modules\node-restful\node_modules\underscore
171 silly gunzTarPerm modes [ '777', '666' ]
172 silly gunzTarPerm extractEntry package.json
173 silly gunzTarPerm modified mode [ 'package.json', 420, 438 ]
174 silly gunzTarPerm extractEntry README.md
175 silly gunzTarPerm modified mode [ 'README.md', 420, 438 ]
176 silly gunzTarPerm extractEntry LICENSE
177 silly gunzTarPerm modified mode [ 'LICENSE', 420, 438 ]
178 silly gunzTarPerm extractEntry underscore-min.js
179 silly gunzTarPerm modified mode [ 'underscore-min.js', 420, 438 ]
180 silly gunzTarPerm extractEntry underscore.js
181 silly gunzTarPerm modified mode [ 'underscore.js', 420, 438 ]
182 info preinstall underscore@1.6.0
183 silly install resolved []
184 verbose about to build C:\xampp\htdocs\localscouter\node_modules\node-restful\node_modules\underscore
185 info build C:\xampp\htdocs\localscouter\node_modules\node-restful\node_modules\underscore
186 verbose linkStuff [ false,
186 verbose linkStuff   false,
186 verbose linkStuff   false,
186 verbose linkStuff   'C:\\xampp\\htdocs\\localscouter\\node_modules\\node-restful\\node_modules' ]
187 info linkStuff underscore@1.6.0
188 verbose linkBins underscore@1.6.0
189 verbose linkMans underscore@1.6.0
190 verbose rebuildBundles underscore@1.6.0
191 info install underscore@1.6.0
192 info postinstall underscore@1.6.0
193 verbose unlock done using C:\Users\AlexandreLaptop\AppData\Roaming\npm-cache\_locks\underscore-bf17907e2c660456.lock for C:\xampp\htdocs\localscouter\node_modules\node-restful\node_modules\underscore
194 verbose about to build C:\xampp\htdocs\localscouter\node_modules\node-restful
195 info build C:\xampp\htdocs\localscouter\node_modules\node-restful
196 verbose linkStuff [ false,
196 verbose linkStuff   false,
196 verbose linkStuff   false,
196 verbose linkStuff   'C:\\xampp\\htdocs\\localscouter\\node_modules' ]
197 info linkStuff node-restful@0.1.18
198 verbose linkBins node-restful@0.1.18
199 verbose linkMans node-restful@0.1.18
200 verbose rebuildBundles node-restful@0.1.18
201 verbose rebuildBundles [ 'underscore' ]
202 info install node-restful@0.1.18
203 info postinstall node-restful@0.1.18
204 verbose already installed skipping mongoose@~3 C:\xampp\htdocs\localscouter
205 silly install resolved []
206 verbose unlock done using C:\Users\AlexandreLaptop\AppData\Roaming\npm-cache\_locks\node-restful-3bea1fb7d1ac7d98.lock for C:\xampp\htdocs\localscouter\node_modules\node-restful
207 verbose stack Error: The package mongoose does not satisfy its siblings' peerDependencies requirements!
207 verbose stack     at C:\Program Files (x86)\nodejs\node_modules\npm\lib\install.js:103:32
207 verbose stack     at C:\Program Files (x86)\nodejs\node_modules\npm\lib\install.js:225:5
207 verbose stack     at C:\Program Files (x86)\nodejs\node_modules\npm\node_modules\read-installed\read-installed.js:138:5
207 verbose stack     at C:\Program Files (x86)\nodejs\node_modules\npm\node_modules\read-installed\read-installed.js:251:14
207 verbose stack     at cb (C:\Program Files (x86)\nodejs\node_modules\npm\node_modules\slide\lib\async-map.js:47:24)
207 verbose stack     at C:\Program Files (x86)\nodejs\node_modules\npm\node_modules\read-installed\read-installed.js:251:14
207 verbose stack     at cb (C:\Program Files (x86)\nodejs\node_modules\npm\node_modules\slide\lib\async-map.js:47:24)
207 verbose stack     at C:\Program Files (x86)\nodejs\node_modules\npm\node_modules\read-installed\read-installed.js:251:14
207 verbose stack     at cb (C:\Program Files (x86)\nodejs\node_modules\npm\node_modules\slide\lib\async-map.js:47:24)
207 verbose stack     at C:\Program Files (x86)\nodejs\node_modules\npm\node_modules\read-installed\read-installed.js:251:14
208 verbose cwd C:\xampp\htdocs\localscouter
209 error Windows_NT 6.1.7601
210 error argv "C:\\Program Files (x86)\\nodejs\\\\node.exe" "C:\\Program Files (x86)\\nodejs\\node_modules\\npm\\bin\\npm-cli.js" "install" "node-restful"
211 error node v0.12.0
212 error npm  v2.5.1
213 error code EPEERINVALID
214 error peerinvalid The package mongoose does not satisfy its siblings' peerDependencies requirements!
214 error peerinvalid Peer node-restful@0.1.18 wants mongoose@~3
215 verbose exit [ 1, true ]
